<!DOCTYPE html PUBLIC "-//W3C//DTD XHTML 1.1//EN" "https://www.w3.org/TR/xhtml11/DTD/xhtml11.dtd">
<html xmlns="https://www.w3.org/1999/xhtml">
<head>
<meta charset='utf-8'>
<title>TestNG Report</title>
<style type="text/css">
table {margin-bottom:10px;border-collapse:collapse;empty-cells:show}
td,th {border:1px solid #009;padding:.25em .5em}
.result th {vertical-align:bottom}
.param th {padding-left:1em;padding-right:1em}
.param td {padding-left:.5em;padding-right:2em}
.stripe td,.stripe th {background-color: #E6EBF9}
.numi,.numi_attn {text-align:right}
.total td {font-weight:bold}
.passedodd td {background-color: #0A0}
.passedeven td {background-color: #3F3}
.skippedodd td {background-color: #CCC}
.skippedodd td {background-color: #DDD}
.failedodd td,.numi_attn {background-color: #F33}
.failedeven td,.stripe .numi_attn {background-color: #D00}
.stacktrace {white-space:pre;font-family:monospace}
.totop {font-size:85%;text-align:center;border-bottom:2px solid #000}
</style>
</head>
<body>
<table cellspacing="0" cellpadding="0" class="testOverview">
<tr><th>Test</th><th>Methods<br/>Passed</th><th>Scenarios<br/>Passed</th><th># skipped</th><th># failed</th><th>Total<br/>Time</th><th>Included<br/>Groups</th><th>Excluded<br/>Groups</th></tr>
<tr><td style="text-align:left;padding-right:2em"><a href="#t1">/Users/techproed/IdeaProjects/B103TestNGProject/src/test/java/techproed/tests/smoketests</a></td><td class="numi">41</td><td class="numi">37</td><td class="numi">0</td><td class="numi_attn">6</td><td class="numi">259,1 seconds</td><td class="numi"></td><td class="numi"></td></tr>
</table>
<table cellspacing="0" cellpadding="0" class="methodOverview" id="summary">
<tr><th>Class</th><th>Method</th><th># of<br/>Scenarios</th><th>Start</th><th>Time<br/>(ms)</th></tr>
<tr id="t1"><th colspan="5">/Users/techproed/IdeaProjects/B103TestNGProject/src/test/java/techproed/tests/smoketests &#8212; failed</th></tr>
<tr class="failedodd"><td rowspan="6">techproed.tests.dataprovider.Day24_DataProviderTest1</td><td><a href="#m1"><b>googleAramasi</b>  </a></td><td class="numi">4</td><td>1675627115133</td><td class="numi">81608</td></tr><tr class="failedodd"><td><a href="#m2"><b>googleAramasi</b>  </a></td><td class="numi">4</td><td>1675627115133</td><td class="numi">81608</td></tr><tr class="failedodd"><td><a href="#m3"><b>googleAramasi</b>  </a></td><td class="numi">4</td><td>1675627115133</td><td class="numi">81608</td></tr><tr class="failedodd"><td><a href="#m4"><b>googleAramasi</b>  </a></td><td class="numi">4</td><td>1675627115133</td><td class="numi">81608</td></tr><tr class="failedodd"><td><a href="#m5"><b>googleAramasi</b>  </a></td><td class="numi">4</td><td>1675627115133</td><td class="numi">81608</td></tr><tr class="failedodd"><td><a href="#m6"><b>googleAramasi</b>  </a></td><td class="numi">4</td><td>1675627115133</td><td class="numi">81608</td></tr>
<tr><th colspan="5">/Users/techproed/IdeaProjects/B103TestNGProject/src/test/java/techproed/tests/smoketests &#8212; passed</th></tr>
<tr class="passedodd"><td rowspan="2">techproed.tests.dataprovider.Day25_DataProviderTest4</td><td><a href="#m7"><b>musteriVerileriTest</b>  </a></td><td class="numi">3</td><td>1675627373965</td><td class="numi">39</td></tr><tr class="passedodd"><td><a href="#m8"><b>personelVerileriTest</b>  </a></td><td class="numi">5</td><td>1675627374007</td><td class="numi">16</td></tr>
<tr class="passedeven"><td rowspan="3">techproed.tests.dataprovider.Day24_DataProviderTest1</td><td><a href="#m9"><b>aramaTesti</b>  </a></td><td class="numi">6</td><td>1675627115095</td><td class="numi">33</td></tr><tr class="passedeven"><td><a href="#m10"><b>googleAramasi</b>  </a></td><td class="numi">2</td><td>1675627159703</td><td class="numi">23161</td></tr><tr class="passedeven"><td><a href="#m11"><b>aramaTesti</b>  </a></td><td class="numi">6</td><td>1675627115095</td><td class="numi">33</td></tr>
<tr class="passedodd"><td>techproed.tests.dataprovider.Day24_DataProviderTest2</td><td><a href="#m12"><b>dataProviderLoginTest</b>  </a></td><td class="numi">4</td><td>1675627205068</td><td class="numi">79079</td></tr>
<tr class="passedeven"><td>techproed.tests.dataprovider.Day24_DataProviderTest1</td><td><a href="#m13"><b>googleAramasi</b>  </a></td><td class="numi">2</td><td>1675627159703</td><td class="numi">23161</td></tr>
<tr class="passedodd"><td>techproed.tests.dataprovider.Day24_DataProviderTest2</td><td><a href="#m14"><b>dataProviderLoginTest</b>  </a></td><td class="numi">4</td><td>1675627205068</td><td class="numi">79079</td></tr>
<tr class="passedeven"><td>techproed.tests.dataprovider.Day24_DataProviderTest3</td><td><a href="#m15"><b>dataProviderLoginTest</b>  </a></td><td class="numi">4</td><td>1675627294547</td><td class="numi">79234</td></tr>
<tr class="passedodd"><td>techproed.tests.dataprovider.Day25_DataProviderTest4</td><td><a href="#m16"><b>personelVerileriTest</b>  </a></td><td class="numi">5</td><td>1675627374007</td><td class="numi">16</td></tr>
<tr class="passedeven"><td>techproed.tests.dataprovider.Day24_DataProviderTest1</td><td><a href="#m17"><b>aramaTesti</b>  </a></td><td class="numi">6</td><td>1675627115095</td><td class="numi">33</td></tr>
<tr class="passedodd"><td>techproed.tests.dataprovider.Day24_DataProviderTest3</td><td><a href="#m18"><b>dataProviderLoginTest</b>  </a></td><td class="numi">4</td><td>1675627294547</td><td class="numi">79234</td></tr>
<tr class="passedeven"><td>techproed.tests.dataprovider.Day25_DataProviderTest4</td><td><a href="#m19"><b>musteriHizmetleriVerileriTest</b>  </a></td><td class="numi">3</td><td>1675627373931</td><td class="numi">22</td></tr>
<tr class="passedodd"><td>techproed.tests.dataprovider.Day24_DataProviderTest3</td><td><a href="#m20"><b>dataProviderLoginTest</b>  </a></td><td class="numi">4</td><td>1675627294547</td><td class="numi">79234</td></tr>
<tr class="passedeven"><td>techproed.tests.dataprovider.Day24_DataProviderTest2</td><td><a href="#m21"><b>dataProviderLoginTest</b>  </a></td><td class="numi">4</td><td>1675627205068</td><td class="numi">79079</td></tr>
<tr class="passedodd"><td>techproed.tests.dataprovider.Day25_DataProviderTest4</td><td><a href="#m22"><b>customerDataTest</b>  </a></td><td class="numi">4</td><td>1675627373906</td><td class="numi">20</td></tr>
<tr class="passedeven"><td>techproed.tests.dataprovider.Day24_DataProviderTest2</td><td><a href="#m23"><b>dataProviderTest</b>  </a></td><td class="numi">4</td><td>1675627284150</td><td class="numi">8</td></tr>
<tr class="passedodd"><td rowspan="2">techproed.tests.dataprovider.Day25_DataProviderTest4</td><td><a href="#m24"><b>musteriHizmetleriVerileriTest</b>  </a></td><td class="numi">3</td><td>1675627373931</td><td class="numi">22</td></tr><tr class="passedodd"><td><a href="#m25"><b>musteriVerileriTest</b>  </a></td><td class="numi">3</td><td>1675627373965</td><td class="numi">39</td></tr>
<tr class="passedeven"><td>techproed.tests.dataprovider.Day24_DataProviderTest1</td><td><a href="#m26"><b>googleAramasi</b>  </a></td><td class="numi">2</td><td>1675627159703</td><td class="numi">23161</td></tr>
<tr class="passedodd"><td>techproed.tests.smoketests.Day22_NegativeLoginTest</td><td><a href="#m27"><b>US100208_Negative_Login</b>  </a></td><td class="numi">1</td><td>1675627196765</td><td class="numi">8300</td></tr>
<tr class="passedeven"><td rowspan="2">techproed.tests.dataprovider.Day25_DataProviderTest4</td><td><a href="#m28"><b>musteriHizmetleriVerileriTest</b>  </a></td><td class="numi">3</td><td>1675627373931</td><td class="numi">22</td></tr><tr class="passedeven"><td><a href="#m29"><b>customerDataTest</b>  </a></td><td class="numi">4</td><td>1675627373906</td><td class="numi">20</td></tr>
<tr class="passedodd"><td>techproed.tests.dataprovider.Day24_DataProviderTest2</td><td><a href="#m30"><b>dataProviderTest</b>  </a></td><td class="numi">4</td><td>1675627284150</td><td class="numi">8</td></tr>
<tr class="passedeven"><td>techproed.tests.dataprovider.Day25_DataProviderTest4</td><td><a href="#m31"><b>customerDataTest</b>  </a></td><td class="numi">4</td><td>1675627373906</td><td class="numi">20</td></tr>
<tr class="passedodd"><td>techproed.tests.dataprovider.Day24_DataProviderTest2</td><td><a href="#m32"><b>dataProviderLoginTest</b>  </a></td><td class="numi">4</td><td>1675627205068</td><td class="numi">79079</td></tr>
<tr class="passedeven"><td>techproed.tests.smoketests.Day22_PositiveLoginTest</td><td><a href="#m33"><b>US100201_Admin_Login</b>  </a></td><td class="numi">1</td><td>1675627284160</td><td class="numi">8335</td></tr>
<tr class="passedodd"><td>techproed.tests.dataprovider.Day24_DataProviderTest1</td><td><a href="#m34"><b>aramaTesti</b>  </a></td><td class="numi">6</td><td>1675627115095</td><td class="numi">33</td></tr>
<tr class="passedeven"><td>techproed.tests.dataprovider.Day24_DataProviderTest2</td><td><a href="#m35"><b>dataProviderTest</b>  </a></td><td class="numi">4</td><td>1675627284150</td><td class="numi">8</td></tr>
<tr class="passedodd"><td>techproed.tests.dataprovider.Day24_DataProviderTest1</td><td><a href="#m36"><b>aramaTesti</b>  </a></td><td class="numi">6</td><td>1675627115095</td><td class="numi">33</td></tr>
<tr class="passedeven"><td>techproed.tests.dataprovider.Day25_DataProviderTest4</td><td><a href="#m37"><b>musteriVerileriTest</b>  </a></td><td class="numi">3</td><td>1675627373965</td><td class="numi">39</td></tr>
<tr class="passedodd"><td>techproed.tests.dataprovider.Day24_DataProviderTest1</td><td><a href="#m38"><b>googleAramasi</b>  </a></td><td class="numi">2</td><td>1675627159703</td><td class="numi">23161</td></tr>
<tr class="passedeven"><td>techproed.tests.dataprovider.Day24_DataProviderTest2</td><td><a href="#m39"><b>dataProviderTest</b>  </a></td><td class="numi">4</td><td>1675627284150</td><td class="numi">8</td></tr>
<tr class="passedodd"><td>techproed.tests.dataprovider.Day25_DataProviderTest4</td><td><a href="#m40"><b>personelVerileriTest</b>  </a></td><td class="numi">5</td><td>1675627374007</td><td class="numi">16</td></tr>
<tr class="passedeven"><td>techproed.tests.dataprovider.Day24_DataProviderTest1</td><td><a href="#m41"><b>aramaTesti</b>  </a></td><td class="numi">6</td><td>1675627115095</td><td class="numi">33</td></tr>
<tr class="passedodd"><td rowspan="2">techproed.tests.dataprovider.Day25_DataProviderTest4</td><td><a href="#m42"><b>customerDataTest</b>  </a></td><td class="numi">4</td><td>1675627373906</td><td class="numi">20</td></tr><tr class="passedodd"><td><a href="#m43"><b>personelVerileriTest</b>  </a></td><td class="numi">5</td><td>1675627374007</td><td class="numi">16</td></tr>
<tr class="passedeven"><td rowspan="2">techproed.tests.dataprovider.Day24_DataProviderTest1</td><td><a href="#m44"><b>googleAramasi</b>  </a></td><td class="numi">2</td><td>1675627159703</td><td class="numi">23161</td></tr><tr class="passedeven"><td><a href="#m45"><b>googleAramasi</b>  </a></td><td class="numi">2</td><td>1675627159703</td><td class="numi">23161</td></tr>
<tr class="passedodd"><td>techproed.tests.dataprovider.Day25_DataProviderTest4</td><td><a href="#m46"><b>personelVerileriTest</b>  </a></td><td class="numi">5</td><td>1675627374007</td><td class="numi">16</td></tr>
<tr class="passedeven"><td>techproed.tests.dataprovider.Day24_DataProviderTest3</td><td><a href="#m47"><b>dataProviderLoginTest</b>  </a></td><td class="numi">4</td><td>1675627294547</td><td class="numi">79234</td></tr>
</table>
<h1>/Users/techproed/IdeaProjects/B103TestNGProject/src/test/java/techproed/tests/smoketests</h1>
<h2 id="m1">techproed.tests.dataprovider.Day24_DataProviderTest1:googleAramasi</h2>
<table cellspacing="0" cellpadding="0" class="result">
<tr class="param"><th>Parameter #1</th></tr>
<tr class="param stripe"><td>mercedes</td>
</tr>
<tr><td>
<div class="stacktrace">org.openqa.selenium.TimeoutException: timeout: Timed out receiving message from renderer: 5.000
  (Session info: chrome=109.0.5414.120)
Build info: version: &apos;4.7.2&apos;, revision: &apos;4d4020c3b7&apos;
System info: os.name: &apos;Windows 10&apos;, os.arch: &apos;amd64&apos;, os.version: &apos;10.0&apos;, java.version: &apos;11.0.16.1&apos;
Driver info: org.openqa.selenium.chrome.ChromeDriver
Command: [a57759475141452650f22bc4ee630aef, sendKeysToElement {id=2179f864-8db3-4105-ad84-904e3920f925, value=[Ljava.lang.CharSequence;@1806bc4c}]
Capabilities {acceptInsecureCerts: false, browserName: chrome, browserVersion: 109.0.5414.120, chrome: {chromedriverVersion: 109.0.5414.74 (e7c5703604da..., userDataDir: C:\Users\bacan\AppData\Loca...}, goog:chromeOptions: {debuggerAddress: localhost:49991}, networkConnectionEnabled: false, pageLoadStrategy: normal, platformName: WINDOWS, proxy: Proxy(), se:cdp: ws://localhost:49991/devtoo..., se:cdpVersion: 109.0.5414.120, setWindowRect: true, strictFileInteractability: false, timeouts: {implicit: 0, pageLoad: 300000, script: 30000}, unhandledPromptBehavior: dismiss and notify, webauthn:extension:credBlob: true, webauthn:extension:largeBlob: true, webauthn:virtualAuthenticators: true}
Element: [[ChromeDriver: chrome on WINDOWS (a57759475141452650f22bc4ee630aef)] -&gt; name: q]
Session ID: a57759475141452650f22bc4ee630aef
	at java.base/jdk.internal.reflect.NativeConstructorAccessorImpl.newInstance0(Native Method)
	at java.base/jdk.internal.reflect.NativeConstructorAccessorImpl.newInstance(NativeConstructorAccessorImpl.java:62)
	at java.base/jdk.internal.reflect.DelegatingConstructorAccessorImpl.newInstance(DelegatingConstructorAccessorImpl.java:45)
	at java.base/java.lang.reflect.Constructor.newInstance(Constructor.java:490)
	at org.openqa.selenium.remote.codec.w3c.W3CHttpResponseCodec.createException(W3CHttpResponseCodec.java:200)
	at org.openqa.selenium.remote.codec.w3c.W3CHttpResponseCodec.decode(W3CHttpResponseCodec.java:133)
	at org.openqa.selenium.remote.codec.w3c.W3CHttpResponseCodec.decode(W3CHttpResponseCodec.java:53)
	at org.openqa.selenium.remote.HttpCommandExecutor.execute(HttpCommandExecutor.java:184)
	at org.openqa.selenium.remote.service.DriverCommandExecutor.invokeExecute(DriverCommandExecutor.java:167)
	at org.openqa.selenium.remote.service.DriverCommandExecutor.execute(DriverCommandExecutor.java:142)
	at org.openqa.selenium.remote.RemoteWebDriver.execute(RemoteWebDriver.java:535)
	at org.openqa.selenium.remote.RemoteWebElement.execute(RemoteWebElement.java:257)
	at org.openqa.selenium.remote.RemoteWebElement.sendKeys(RemoteWebElement.java:113)
	at techproed.tests.dataprovider.Day24_DataProviderTest1.googleAramasi(Day24_DataProviderTest1.java:52)
	at java.base/jdk.internal.reflect.NativeMethodAccessorImpl.invoke0(Native Method)
	at java.base/jdk.internal.reflect.NativeMethodAccessorImpl.invoke(NativeMethodAccessorImpl.java:62)
	at java.base/jdk.internal.reflect.DelegatingMethodAccessorImpl.invoke(DelegatingMethodAccessorImpl.java:43)
	at java.base/java.lang.reflect.Method.invoke(Method.java:566)
	at org.testng.internal.invokers.MethodInvocationHelper.invokeMethod(MethodInvocationHelper.java:139)
	at org.testng.internal.invokers.TestInvoker.invokeMethod(TestInvoker.java:677)
	at org.testng.internal.invokers.TestInvoker.invokeTestMethod(TestInvoker.java:221)
	at org.testng.internal.invokers.MethodRunner.runInSequence(MethodRunner.java:50)
	at org.testng.internal.invokers.TestInvoker$MethodInvocationAgent.invoke(TestInvoker.java:969)
	at org.testng.internal.invokers.TestInvoker.invokeTestMethods(TestInvoker.java:194)
	at org.testng.internal.invokers.TestMethodWorker.invokeTestMethods(TestMethodWorker.java:148)
	at org.testng.internal.invokers.TestMethodWorker.run(TestMethodWorker.java:128)
	at java.base/java.util.ArrayList.forEach(ArrayList.java:1541)
	at org.testng.TestRunner.privateRun(TestRunner.java:829)
	at org.testng.TestRunner.run(TestRunner.java:602)
	at org.testng.SuiteRunner.runTest(SuiteRunner.java:437)
	at org.testng.SuiteRunner.runSequentially(SuiteRunner.java:431)
	at org.testng.SuiteRunner.privateRun(SuiteRunner.java:391)
	at org.testng.SuiteRunner.run(SuiteRunner.java:330)
	at org.testng.SuiteRunnerWorker.runSuite(SuiteRunnerWorker.java:52)
	at org.testng.SuiteRunnerWorker.run(SuiteRunnerWorker.java:95)
	at org.testng.TestNG.runSuitesSequentially(TestNG.java:1256)
	at org.testng.TestNG.runSuitesLocally(TestNG.java:1176)
	at org.testng.TestNG.runSuites(TestNG.java:1099)
	at org.testng.TestNG.run(TestNG.java:1067)
	at com.intellij.rt.testng.IDEARemoteTestNG.run(IDEARemoteTestNG.java:66)
	at com.intellij.rt.testng.RemoteTestNGStarter.main(RemoteTestNGStarter.java:109)
</div>
</td></tr>
</table>
<p class="totop"><a href="#summary">back to summary</a></p>
<h2 id="m2">techproed.tests.dataprovider.Day24_DataProviderTest1:googleAramasi</h2>
<table cellspacing="0" cellpadding="0" class="result">
<tr class="param"><th>Parameter #1</th></tr>
<tr class="param stripe"><td>bmw</td>
</tr>
<tr><td>
<div class="stacktrace">org.openqa.selenium.TimeoutException: timeout: Timed out receiving message from renderer: 5.000
  (Session info: chrome=109.0.5414.120)
Build info: version: &apos;4.7.2&apos;, revision: &apos;4d4020c3b7&apos;
System info: os.name: &apos;Windows 10&apos;, os.arch: &apos;amd64&apos;, os.version: &apos;10.0&apos;, java.version: &apos;11.0.16.1&apos;
Driver info: org.openqa.selenium.chrome.ChromeDriver
Command: [a57759475141452650f22bc4ee630aef, sendKeysToElement {id=717d660d-da8f-49e1-8433-957a756dc48e, value=[Ljava.lang.CharSequence;@35a0e495}]
Capabilities {acceptInsecureCerts: false, browserName: chrome, browserVersion: 109.0.5414.120, chrome: {chromedriverVersion: 109.0.5414.74 (e7c5703604da..., userDataDir: C:\Users\bacan\AppData\Loca...}, goog:chromeOptions: {debuggerAddress: localhost:49991}, networkConnectionEnabled: false, pageLoadStrategy: normal, platformName: WINDOWS, proxy: Proxy(), se:cdp: ws://localhost:49991/devtoo..., se:cdpVersion: 109.0.5414.120, setWindowRect: true, strictFileInteractability: false, timeouts: {implicit: 0, pageLoad: 300000, script: 30000}, unhandledPromptBehavior: dismiss and notify, webauthn:extension:credBlob: true, webauthn:extension:largeBlob: true, webauthn:virtualAuthenticators: true}
Element: [[ChromeDriver: chrome on WINDOWS (a57759475141452650f22bc4ee630aef)] -&gt; name: q]
Session ID: a57759475141452650f22bc4ee630aef
	at java.base/jdk.internal.reflect.NativeConstructorAccessorImpl.newInstance0(Native Method)
	at java.base/jdk.internal.reflect.NativeConstructorAccessorImpl.newInstance(NativeConstructorAccessorImpl.java:62)
	at java.base/jdk.internal.reflect.DelegatingConstructorAccessorImpl.newInstance(DelegatingConstructorAccessorImpl.java:45)
	at java.base/java.lang.reflect.Constructor.newInstance(Constructor.java:490)
	at org.openqa.selenium.remote.codec.w3c.W3CHttpResponseCodec.createException(W3CHttpResponseCodec.java:200)
	at org.openqa.selenium.remote.codec.w3c.W3CHttpResponseCodec.decode(W3CHttpResponseCodec.java:133)
	at org.openqa.selenium.remote.codec.w3c.W3CHttpResponseCodec.decode(W3CHttpResponseCodec.java:53)
	at org.openqa.selenium.remote.HttpCommandExecutor.execute(HttpCommandExecutor.java:184)
	at org.openqa.selenium.remote.service.DriverCommandExecutor.invokeExecute(DriverCommandExecutor.java:167)
	at org.openqa.selenium.remote.service.DriverCommandExecutor.execute(DriverCommandExecutor.java:142)
	at org.openqa.selenium.remote.RemoteWebDriver.execute(RemoteWebDriver.java:535)
	at org.openqa.selenium.remote.RemoteWebElement.execute(RemoteWebElement.java:257)
	at org.openqa.selenium.remote.RemoteWebElement.sendKeys(RemoteWebElement.java:113)
	at techproed.tests.dataprovider.Day24_DataProviderTest1.googleAramasi(Day24_DataProviderTest1.java:52)
	at java.base/jdk.internal.reflect.NativeMethodAccessorImpl.invoke0(Native Method)
	at java.base/jdk.internal.reflect.NativeMethodAccessorImpl.invoke(NativeMethodAccessorImpl.java:62)
	at java.base/jdk.internal.reflect.DelegatingMethodAccessorImpl.invoke(DelegatingMethodAccessorImpl.java:43)
	at java.base/java.lang.reflect.Method.invoke(Method.java:566)
	at org.testng.internal.invokers.MethodInvocationHelper.invokeMethod(MethodInvocationHelper.java:139)
	at org.testng.internal.invokers.TestInvoker.invokeMethod(TestInvoker.java:677)
	at org.testng.internal.invokers.TestInvoker.invokeTestMethod(TestInvoker.java:221)
	at org.testng.internal.invokers.MethodRunner.runInSequence(MethodRunner.java:50)
	at org.testng.internal.invokers.TestInvoker$MethodInvocationAgent.invoke(TestInvoker.java:969)
	at org.testng.internal.invokers.TestInvoker.invokeTestMethods(TestInvoker.java:194)
	at org.testng.internal.invokers.TestMethodWorker.invokeTestMethods(TestMethodWorker.java:148)
	at org.testng.internal.invokers.TestMethodWorker.run(TestMethodWorker.java:128)
	at java.base/java.util.ArrayList.forEach(ArrayList.java:1541)
	at org.testng.TestRunner.privateRun(TestRunner.java:829)
	at org.testng.TestRunner.run(TestRunner.java:602)
	at org.testng.SuiteRunner.runTest(SuiteRunner.java:437)
	at org.testng.SuiteRunner.runSequentially(SuiteRunner.java:431)
	at org.testng.SuiteRunner.privateRun(SuiteRunner.java:391)
	at org.testng.SuiteRunner.run(SuiteRunner.java:330)
	at org.testng.SuiteRunnerWorker.runSuite(SuiteRunnerWorker.java:52)
	at org.testng.SuiteRunnerWorker.run(SuiteRunnerWorker.java:95)
	at org.testng.TestNG.runSuitesSequentially(TestNG.java:1256)
	at org.testng.TestNG.runSuitesLocally(TestNG.java:1176)
	at org.testng.TestNG.runSuites(TestNG.java:1099)
	at org.testng.TestNG.run(TestNG.java:1067)
	at com.intellij.rt.testng.IDEARemoteTestNG.run(IDEARemoteTestNG.java:66)
	at com.intellij.rt.testng.RemoteTestNGStarter.main(RemoteTestNGStarter.java:109)
</div>
</td></tr>
</table>
<p class="totop"><a href="#summary">back to summary</a></p>
<h2 id="m3">techproed.tests.dataprovider.Day24_DataProviderTest1:googleAramasi</h2>
<table cellspacing="0" cellpadding="0" class="result">
<tr class="param"><th>Parameter #1</th></tr>
<tr class="param stripe"><td>volvo</td>
</tr>
<tr><td>
<div class="stacktrace">org.openqa.selenium.TimeoutException: timeout: Timed out receiving message from renderer: 5.000
  (Session info: chrome=109.0.5414.120)
Build info: version: &apos;4.7.2&apos;, revision: &apos;4d4020c3b7&apos;
System info: os.name: &apos;Windows 10&apos;, os.arch: &apos;amd64&apos;, os.version: &apos;10.0&apos;, java.version: &apos;11.0.16.1&apos;
Driver info: org.openqa.selenium.chrome.ChromeDriver
Command: [b3a0420200f725334ef0f24413107d74, sendKeysToElement {id=13570ad7-4032-4b4d-ac18-ccbe4b1dd817, value=[Ljava.lang.CharSequence;@1624775}]
Capabilities {acceptInsecureCerts: false, browserName: chrome, browserVersion: 109.0.5414.120, chrome: {chromedriverVersion: 109.0.5414.74 (e7c5703604da..., userDataDir: C:\Users\bacan\AppData\Loca...}, goog:chromeOptions: {debuggerAddress: localhost:50159}, networkConnectionEnabled: false, pageLoadStrategy: normal, platformName: WINDOWS, proxy: Proxy(), se:cdp: ws://localhost:50159/devtoo..., se:cdpVersion: 109.0.5414.120, setWindowRect: true, strictFileInteractability: false, timeouts: {implicit: 0, pageLoad: 300000, script: 30000}, unhandledPromptBehavior: dismiss and notify, webauthn:extension:credBlob: true, webauthn:extension:largeBlob: true, webauthn:virtualAuthenticators: true}
Element: [[ChromeDriver: chrome on WINDOWS (b3a0420200f725334ef0f24413107d74)] -&gt; name: q]
Session ID: b3a0420200f725334ef0f24413107d74
	at java.base/jdk.internal.reflect.NativeConstructorAccessorImpl.newInstance0(Native Method)
	at java.base/jdk.internal.reflect.NativeConstructorAccessorImpl.newInstance(NativeConstructorAccessorImpl.java:62)
	at java.base/jdk.internal.reflect.DelegatingConstructorAccessorImpl.newInstance(DelegatingConstructorAccessorImpl.java:45)
	at java.base/java.lang.reflect.Constructor.newInstance(Constructor.java:490)
	at org.openqa.selenium.remote.codec.w3c.W3CHttpResponseCodec.createException(W3CHttpResponseCodec.java:200)
	at org.openqa.selenium.remote.codec.w3c.W3CHttpResponseCodec.decode(W3CHttpResponseCodec.java:133)
	at org.openqa.selenium.remote.codec.w3c.W3CHttpResponseCodec.decode(W3CHttpResponseCodec.java:53)
	at org.openqa.selenium.remote.HttpCommandExecutor.execute(HttpCommandExecutor.java:184)
	at org.openqa.selenium.remote.service.DriverCommandExecutor.invokeExecute(DriverCommandExecutor.java:167)
	at org.openqa.selenium.remote.service.DriverCommandExecutor.execute(DriverCommandExecutor.java:142)
	at org.openqa.selenium.remote.RemoteWebDriver.execute(RemoteWebDriver.java:535)
	at org.openqa.selenium.remote.RemoteWebElement.execute(RemoteWebElement.java:257)
	at org.openqa.selenium.remote.RemoteWebElement.sendKeys(RemoteWebElement.java:113)
	at techproed.tests.dataprovider.Day24_DataProviderTest1.googleAramasi(Day24_DataProviderTest1.java:52)
	at java.base/jdk.internal.reflect.NativeMethodAccessorImpl.invoke0(Native Method)
	at java.base/jdk.internal.reflect.NativeMethodAccessorImpl.invoke(NativeMethodAccessorImpl.java:62)
	at java.base/jdk.internal.reflect.DelegatingMethodAccessorImpl.invoke(DelegatingMethodAccessorImpl.java:43)
	at java.base/java.lang.reflect.Method.invoke(Method.java:566)
	at org.testng.internal.invokers.MethodInvocationHelper.invokeMethod(MethodInvocationHelper.java:139)
	at org.testng.internal.invokers.TestInvoker.invokeMethod(TestInvoker.java:677)
	at org.testng.internal.invokers.TestInvoker.invokeTestMethod(TestInvoker.java:221)
	at org.testng.internal.invokers.MethodRunner.runInSequence(MethodRunner.java:50)
	at org.testng.internal.invokers.TestInvoker$MethodInvocationAgent.invoke(TestInvoker.java:969)
	at org.testng.internal.invokers.TestInvoker.invokeTestMethods(TestInvoker.java:194)
	at org.testng.internal.invokers.TestMethodWorker.invokeTestMethods(TestMethodWorker.java:148)
	at org.testng.internal.invokers.TestMethodWorker.run(TestMethodWorker.java:128)
	at java.base/java.util.ArrayList.forEach(ArrayList.java:1541)
	at org.testng.TestRunner.privateRun(TestRunner.java:829)
	at org.testng.TestRunner.run(TestRunner.java:602)
	at org.testng.SuiteRunner.runTest(SuiteRunner.java:437)
	at org.testng.SuiteRunner.runSequentially(SuiteRunner.java:431)
	at org.testng.SuiteRunner.privateRun(SuiteRunner.java:391)
	at org.testng.SuiteRunner.run(SuiteRunner.java:330)
	at org.testng.SuiteRunnerWorker.runSuite(SuiteRunnerWorker.java:52)
	at org.testng.SuiteRunnerWorker.run(SuiteRunnerWorker.java:95)
	at org.testng.TestNG.runSuitesSequentially(TestNG.java:1256)
	at org.testng.TestNG.runSuitesLocally(TestNG.java:1176)
	at org.testng.TestNG.runSuites(TestNG.java:1099)
	at org.testng.TestNG.run(TestNG.java:1067)
	at com.intellij.rt.testng.IDEARemoteTestNG.run(IDEARemoteTestNG.java:66)
	at com.intellij.rt.testng.RemoteTestNGStarter.main(RemoteTestNGStarter.java:109)
</div>
</td></tr>
</table>
<p class="totop"><a href="#summary">back to summary</a></p>
<h2 id="m4">techproed.tests.dataprovider.Day24_DataProviderTest1:googleAramasi</h2>
<table cellspacing="0" cellpadding="0" class="result">
<tr class="param"><th>Parameter #1</th></tr>
<tr class="param stripe"><td>tesla</td>
</tr>
<tr><td>
<div class="stacktrace">org.openqa.selenium.TimeoutException: timeout: Timed out receiving message from renderer: 5.000
  (Session info: chrome=109.0.5414.120)
Build info: version: &apos;4.7.2&apos;, revision: &apos;4d4020c3b7&apos;
System info: os.name: &apos;Windows 10&apos;, os.arch: &apos;amd64&apos;, os.version: &apos;10.0&apos;, java.version: &apos;11.0.16.1&apos;
Driver info: org.openqa.selenium.chrome.ChromeDriver
Command: [a57759475141452650f22bc4ee630aef, sendKeysToElement {id=bca30240-440d-4018-8d93-78cc33d99768, value=[Ljava.lang.CharSequence;@64aad809}]
Capabilities {acceptInsecureCerts: false, browserName: chrome, browserVersion: 109.0.5414.120, chrome: {chromedriverVersion: 109.0.5414.74 (e7c5703604da..., userDataDir: C:\Users\bacan\AppData\Loca...}, goog:chromeOptions: {debuggerAddress: localhost:49991}, networkConnectionEnabled: false, pageLoadStrategy: normal, platformName: WINDOWS, proxy: Proxy(), se:cdp: ws://localhost:49991/devtoo..., se:cdpVersion: 109.0.5414.120, setWindowRect: true, strictFileInteractability: false, timeouts: {implicit: 0, pageLoad: 300000, script: 30000}, unhandledPromptBehavior: dismiss and notify, webauthn:extension:credBlob: true, webauthn:extension:largeBlob: true, webauthn:virtualAuthenticators: true}
Element: [[ChromeDriver: chrome on WINDOWS (a57759475141452650f22bc4ee630aef)] -&gt; name: q]
Session ID: a57759475141452650f22bc4ee630aef
	at java.base/jdk.internal.reflect.NativeConstructorAccessorImpl.newInstance0(Native Method)
	at java.base/jdk.internal.reflect.NativeConstructorAccessorImpl.newInstance(NativeConstructorAccessorImpl.java:62)
	at java.base/jdk.internal.reflect.DelegatingConstructorAccessorImpl.newInstance(DelegatingConstructorAccessorImpl.java:45)
	at java.base/java.lang.reflect.Constructor.newInstance(Constructor.java:490)
	at org.openqa.selenium.remote.codec.w3c.W3CHttpResponseCodec.createException(W3CHttpResponseCodec.java:200)
	at org.openqa.selenium.remote.codec.w3c.W3CHttpResponseCodec.decode(W3CHttpResponseCodec.java:133)
	at org.openqa.selenium.remote.codec.w3c.W3CHttpResponseCodec.decode(W3CHttpResponseCodec.java:53)
	at org.openqa.selenium.remote.HttpCommandExecutor.execute(HttpCommandExecutor.java:184)
	at org.openqa.selenium.remote.service.DriverCommandExecutor.invokeExecute(DriverCommandExecutor.java:167)
	at org.openqa.selenium.remote.service.DriverCommandExecutor.execute(DriverCommandExecutor.java:142)
	at org.openqa.selenium.remote.RemoteWebDriver.execute(RemoteWebDriver.java:535)
	at org.openqa.selenium.remote.RemoteWebElement.execute(RemoteWebElement.java:257)
	at org.openqa.selenium.remote.RemoteWebElement.sendKeys(RemoteWebElement.java:113)
	at techproed.tests.dataprovider.Day24_DataProviderTest1.googleAramasi(Day24_DataProviderTest1.java:52)
	at java.base/jdk.internal.reflect.NativeMethodAccessorImpl.invoke0(Native Method)
	at java.base/jdk.internal.reflect.NativeMethodAccessorImpl.invoke(NativeMethodAccessorImpl.java:62)
	at java.base/jdk.internal.reflect.DelegatingMethodAccessorImpl.invoke(DelegatingMethodAccessorImpl.java:43)
	at java.base/java.lang.reflect.Method.invoke(Method.java:566)
	at org.testng.internal.invokers.MethodInvocationHelper.invokeMethod(MethodInvocationHelper.java:139)
	at org.testng.internal.invokers.TestInvoker.invokeMethod(TestInvoker.java:677)
	at org.testng.internal.invokers.TestInvoker.invokeTestMethod(TestInvoker.java:221)
	at org.testng.internal.invokers.MethodRunner.runInSequence(MethodRunner.java:50)
	at org.testng.internal.invokers.TestInvoker$MethodInvocationAgent.invoke(TestInvoker.java:969)
	at org.testng.internal.invokers.TestInvoker.invokeTestMethods(TestInvoker.java:194)
	at org.testng.internal.invokers.TestMethodWorker.invokeTestMethods(TestMethodWorker.java:148)
	at org.testng.internal.invokers.TestMethodWorker.run(TestMethodWorker.java:128)
	at java.base/java.util.ArrayList.forEach(ArrayList.java:1541)
	at org.testng.TestRunner.privateRun(TestRunner.java:829)
	at org.testng.TestRunner.run(TestRunner.java:602)
	at org.testng.SuiteRunner.runTest(SuiteRunner.java:437)
	at org.testng.SuiteRunner.runSequentially(SuiteRunner.java:431)
	at org.testng.SuiteRunner.privateRun(SuiteRunner.java:391)
	at org.testng.SuiteRunner.run(SuiteRunner.java:330)
	at org.testng.SuiteRunnerWorker.runSuite(SuiteRunnerWorker.java:52)
	at org.testng.SuiteRunnerWorker.run(SuiteRunnerWorker.java:95)
	at org.testng.TestNG.runSuitesSequentially(TestNG.java:1256)
	at org.testng.TestNG.runSuitesLocally(TestNG.java:1176)
	at org.testng.TestNG.runSuites(TestNG.java:1099)
	at org.testng.TestNG.run(TestNG.java:1067)
	at com.intellij.rt.testng.IDEARemoteTestNG.run(IDEARemoteTestNG.java:66)
	at com.intellij.rt.testng.RemoteTestNGStarter.main(RemoteTestNGStarter.java:109)
</div>
</td></tr>
</table>
<p class="totop"><a href="#summary">back to summary</a></p>
<h2 id="m5">techproed.tests.dataprovider.Day25_DataProviderTest4:musteriVerileriTest</h2>
<table cellspacing="0" cellpadding="0" class="result">
<tr class="param"><th>Parameter #1</th><th>Parameter #2</th><th>Parameter #3</th></tr>
<tr class="param stripe"><td>menejer1</td>
<td>12345</td>
<td>besiktas</td>
</tr>
</table>
<p class="totop"><a href="#summary">back to summary</a></p>
<h2 id="m6">techproed.tests.dataprovider.Day25_DataProviderTest4:personelVerileriTest</h2>
<table cellspacing="0" cellpadding="0" class="result">
<tr class="param"><th>Parameter #1</th><th>Parameter #2</th></tr>
<tr class="param stripe"><td>emin3</td>
<td>3edc</td>
</tr>
</table>
<p class="totop"><a href="#summary">back to summary</a></p>
<h2 id="m7">techproed.tests.dataprovider.Day24_DataProviderTest1:aramaTesti</h2>
<table cellspacing="0" cellpadding="0" class="result">
<tr class="param"><th>Parameter #1</th></tr>
<tr class="param stripe"><td>mercedes</td>
</tr>
</table>
<p class="totop"><a href="#summary">back to summary</a></p>
<h2 id="m8">techproed.tests.dataprovider.Day24_DataProviderTest1:aramaTesti</h2>
<table cellspacing="0" cellpadding="0" class="result">
<tr class="param"><th>Parameter #1</th></tr>
<tr class="param stripe"><td>honda</td>
</tr>
</table>
<p class="totop"><a href="#summary">back to summary</a></p>
<h2 id="m9">techproed.tests.dataprovider.Day24_DataProviderTest2:dataProviderLoginTest</h2>
<table cellspacing="0" cellpadding="0" class="result">
<tr class="param"><th>Parameter #1</th><th>Parameter #2</th></tr>
<tr class="param stripe"><td>sam.walker@bluerentalcars.com</td>
<td>c!fas_art</td>
</tr>
</table>
<p class="totop"><a href="#summary">back to summary</a></p>
<h2 id="m10">techproed.tests.dataprovider.Day24_DataProviderTest2:dataProviderLoginTest</h2>
<table cellspacing="0" cellpadding="0" class="result">
<tr class="param"><th>Parameter #1</th><th>Parameter #2</th></tr>
<tr class="param stripe"><td>raj.khan@bluerentalcars.com</td>
<td>v7Hg_va^</td>
</tr>
</table>
<p class="totop"><a href="#summary">back to summary</a></p>
<h2 id="m11">techproed.tests.dataprovider.Day24_DataProviderTest3:dataProviderLoginTest</h2>
<table cellspacing="0" cellpadding="0" class="result">
<tr class="param"><th>Parameter #1</th><th>Parameter #2</th></tr>
<tr class="param stripe"><td>sam.walker@bluerentalcars.com</td>
<td>c!fas_art</td>
</tr>
</table>
<p class="totop"><a href="#summary">back to summary</a></p>
<h2 id="m12">techproed.tests.dataprovider.Day25_DataProviderTest4:personelVerileriTest</h2>
<table cellspacing="0" cellpadding="0" class="result">
<tr class="param"><th>Parameter #1</th><th>Parameter #2</th></tr>
<tr class="param stripe"><td>okumus3</td>
<td>6e45</td>
</tr>
</table>
<p class="totop"><a href="#summary">back to summary</a></p>
<h2 id="m13">techproed.tests.dataprovider.Day24_DataProviderTest1:aramaTesti</h2>
<table cellspacing="0" cellpadding="0" class="result">
<tr class="param"><th>Parameter #1</th></tr>
<tr class="param stripe"><td>toyota</td>
</tr>
</table>
<p class="totop"><a href="#summary">back to summary</a></p>
<h2 id="m14">techproed.tests.dataprovider.Day24_DataProviderTest3:dataProviderLoginTest</h2>
<table cellspacing="0" cellpadding="0" class="result">
<tr class="param"><th>Parameter #1</th><th>Parameter #2</th></tr>
<tr class="param stripe"><td>kate.brown@bluerentalcars.com</td>
<td>tad1$Fas</td>
</tr>
</table>
<p class="totop"><a href="#summary">back to summary</a></p>
<h2 id="m15">techproed.tests.dataprovider.Day25_DataProviderTest4:musteriHizmetleriVerileriTest</h2>
<table cellspacing="0" cellpadding="0" class="result">
<tr class="param"><th>Parameter #1</th><th>Parameter #2</th></tr>
<tr class="param stripe"><td>nancy3</td>
<td>7890</td>
</tr>
</table>
<p class="totop"><a href="#summary">back to summary</a></p>
<h2 id="m16">techproed.tests.dataprovider.Day24_DataProviderTest3:dataProviderLoginTest</h2>
<table cellspacing="0" cellpadding="0" class="result">
<tr class="param"><th>Parameter #1</th><th>Parameter #2</th></tr>
<tr class="param stripe"><td>pam.raymond@bluerentalcars.com</td>
<td>Nga^g6!</td>
</tr>
</table>
<p class="totop"><a href="#summary">back to summary</a></p>
<h2 id="m17">techproed.tests.dataprovider.Day24_DataProviderTest2:dataProviderLoginTest</h2>
<table cellspacing="0" cellpadding="0" class="result">
<tr class="param"><th>Parameter #1</th><th>Parameter #2</th></tr>
<tr class="param stripe"><td>kate.brown@bluerentalcars.com</td>
<td>tad1$Fas</td>
</tr>
</table>
<p class="totop"><a href="#summary">back to summary</a></p>
<h2 id="m18">techproed.tests.dataprovider.Day25_DataProviderTest4:customerDataTest</h2>
<table cellspacing="0" cellpadding="0" class="result">
<tr class="param"><th>Parameter #1</th><th>Parameter #2</th></tr>
<tr class="param stripe"><td>raj.khan@bluerentalcars.com</td>
<td>v7Hg_va^</td>
</tr>
</table>
<p class="totop"><a href="#summary">back to summary</a></p>
<h2 id="m19">techproed.tests.dataprovider.Day24_DataProviderTest2:dataProviderTest</h2>
<table cellspacing="0" cellpadding="0" class="result">
<tr class="param"><th>Parameter #1</th><th>Parameter #2</th></tr>
<tr class="param stripe"><td>raj.khan@bluerentalcars.com</td>
<td>v7Hg_va^</td>
</tr>
</table>
<p class="totop"><a href="#summary">back to summary</a></p>
<h2 id="m20">techproed.tests.dataprovider.Day25_DataProviderTest4:musteriHizmetleriVerileriTest</h2>
<table cellspacing="0" cellpadding="0" class="result">
<tr class="param"><th>Parameter #1</th><th>Parameter #2</th></tr>
<tr class="param stripe"><td>adam1</td>
<td>3456</td>
</tr>
</table>
<p class="totop"><a href="#summary">back to summary</a></p>
<h2 id="m21">techproed.tests.dataprovider.Day25_DataProviderTest4:musteriVerileriTest</h2>
<table cellspacing="0" cellpadding="0" class="result">
<tr class="param"><th>Parameter #1</th><th>Parameter #2</th><th>Parameter #3</th></tr>
<tr class="param stripe"><td>mejejer3</td>
<td>5678</td>
<td>karsiyaka</td>
</tr>
</table>
<p class="totop"><a href="#summary">back to summary</a></p>
<h2 id="m22">techproed.tests.dataprovider.Day24_DataProviderTest1:googleAramasi</h2>
<table cellspacing="0" cellpadding="0" class="result">
<tr class="param"><th>Parameter #1</th></tr>
<tr class="param stripe"><td>toyota</td>
</tr>
</table>
<p class="totop"><a href="#summary">back to summary</a></p>
<h2 id="m23">techproed.tests.smoketests.Day22_NegativeLoginTest:US100208_Negative_Login</h2>
<p class="totop"><a href="#summary">back to summary</a></p>
<h2 id="m24">techproed.tests.dataprovider.Day25_DataProviderTest4:musteriHizmetleriVerileriTest</h2>
<table cellspacing="0" cellpadding="0" class="result">
<tr class="param"><th>Parameter #1</th><th>Parameter #2</th></tr>
<tr class="param stripe"><td>ali2</td>
<td>1234</td>
</tr>
</table>
<p class="totop"><a href="#summary">back to summary</a></p>
<h2 id="m25">techproed.tests.dataprovider.Day25_DataProviderTest4:customerDataTest</h2>
<table cellspacing="0" cellpadding="0" class="result">
<tr class="param"><th>Parameter #1</th><th>Parameter #2</th></tr>
<tr class="param stripe"><td>kate.brown@bluerentalcars.com</td>
<td>tad1$Fas</td>
</tr>
</table>
<p class="totop"><a href="#summary">back to summary</a></p>
<h2 id="m26">techproed.tests.dataprovider.Day24_DataProviderTest2:dataProviderTest</h2>
<table cellspacing="0" cellpadding="0" class="result">
<tr class="param"><th>Parameter #1</th><th>Parameter #2</th></tr>
<tr class="param stripe"><td>kate.brown@bluerentalcars.com</td>
<td>tad1$Fas</td>
</tr>
</table>
<p class="totop"><a href="#summary">back to summary</a></p>
<h2 id="m27">techproed.tests.dataprovider.Day25_DataProviderTest4:customerDataTest</h2>
<table cellspacing="0" cellpadding="0" class="result">
<tr class="param"><th>Parameter #1</th><th>Parameter #2</th></tr>
<tr class="param stripe"><td>pam.raymond@bluerentalcars.com</td>
<td>Nga^g6!</td>
</tr>
</table>
<p class="totop"><a href="#summary">back to summary</a></p>
<h2 id="m28">techproed.tests.dataprovider.Day24_DataProviderTest2:dataProviderLoginTest</h2>
<table cellspacing="0" cellpadding="0" class="result">
<tr class="param"><th>Parameter #1</th><th>Parameter #2</th></tr>
<tr class="param stripe"><td>pam.raymond@bluerentalcars.com</td>
<td>Nga^g6!</td>
</tr>
</table>
<p class="totop"><a href="#summary">back to summary</a></p>
<h2 id="m29">techproed.tests.smoketests.Day22_PositiveLoginTest:US100201_Admin_Login</h2>
<div>
Sayfaya git<br/>
Login butonuna tıkla<br/>
Giriş bilgilerini gir<br/>
Giriş yapıldığını doğrula<br/>
Driveri kapat<br/>
</div>
<p class="totop"><a href="#summary">back to summary</a></p>
<h2 id="m30">techproed.tests.dataprovider.Day24_DataProviderTest1:aramaTesti</h2>
<table cellspacing="0" cellpadding="0" class="result">
<tr class="param"><th>Parameter #1</th></tr>
<tr class="param stripe"><td>bmw</td>
</tr>
</table>
<p class="totop"><a href="#summary">back to summary</a></p>
<h2 id="m31">techproed.tests.dataprovider.Day24_DataProviderTest2:dataProviderTest</h2>
<table cellspacing="0" cellpadding="0" class="result">
<tr class="param"><th>Parameter #1</th><th>Parameter #2</th></tr>
<tr class="param stripe"><td>pam.raymond@bluerentalcars.com</td>
<td>Nga^g6!</td>
</tr>
</table>
<p class="totop"><a href="#summary">back to summary</a></p>
<h2 id="m32">techproed.tests.dataprovider.Day24_DataProviderTest1:aramaTesti</h2>
<table cellspacing="0" cellpadding="0" class="result">
<tr class="param"><th>Parameter #1</th></tr>
<tr class="param stripe"><td>tesla</td>
</tr>
</table>
<p class="totop"><a href="#summary">back to summary</a></p>
<h2 id="m33">techproed.tests.dataprovider.Day25_DataProviderTest4:musteriVerileriTest</h2>
<table cellspacing="0" cellpadding="0" class="result">
<tr class="param"><th>Parameter #1</th><th>Parameter #2</th><th>Parameter #3</th></tr>
<tr class="param stripe"><td>menejer2</td>
<td>98765</td>
<td>cebeci</td>
</tr>
</table>
<p class="totop"><a href="#summary">back to summary</a></p>
<h2 id="m34">techproed.tests.dataprovider.Day24_DataProviderTest1:googleAramasi</h2>
<table cellspacing="0" cellpadding="0" class="result">
<tr class="param"><th>Parameter #1</th></tr>
<tr class="param stripe"><td>honda</td>
</tr>
</table>
<p class="totop"><a href="#summary">back to summary</a></p>
<h2 id="m35">techproed.tests.dataprovider.Day24_DataProviderTest2:dataProviderTest</h2>
<table cellspacing="0" cellpadding="0" class="result">
<tr class="param"><th>Parameter #1</th><th>Parameter #2</th></tr>
<tr class="param stripe"><td>sam.walker@bluerentalcars.com</td>
<td>c!fas_art</td>
</tr>
</table>
<p class="totop"><a href="#summary">back to summary</a></p>
<h2 id="m36">techproed.tests.dataprovider.Day25_DataProviderTest4:personelVerileriTest</h2>
<table cellspacing="0" cellpadding="0" class="result">
<tr class="param"><th>Parameter #1</th><th>Parameter #2</th></tr>
<tr class="param stripe"><td>baran3</td>
<td>4asd</td>
</tr>
</table>
<p class="totop"><a href="#summary">back to summary</a></p>
<h2 id="m37">techproed.tests.dataprovider.Day24_DataProviderTest1:aramaTesti</h2>
<table cellspacing="0" cellpadding="0" class="result">
<tr class="param"><th>Parameter #1</th></tr>
<tr class="param stripe"><td>volvo</td>
</tr>
</table>
<p class="totop"><a href="#summary">back to summary</a></p>
<h2 id="m38">techproed.tests.dataprovider.Day25_DataProviderTest4:customerDataTest</h2>
<table cellspacing="0" cellpadding="0" class="result">
<tr class="param"><th>Parameter #1</th><th>Parameter #2</th></tr>
<tr class="param stripe"><td>sam.walker@bluerentalcars.com</td>
<td>c!fas_art</td>
</tr>
</table>
<p class="totop"><a href="#summary">back to summary</a></p>
<h2 id="m39">techproed.tests.dataprovider.Day25_DataProviderTest4:personelVerileriTest</h2>
<table cellspacing="0" cellpadding="0" class="result">
<tr class="param"><th>Parameter #1</th><th>Parameter #2</th></tr>
<tr class="param stripe"><td>mehmet2</td>
<td>123r</td>
</tr>
</table>
<p class="totop"><a href="#summary">back to summary</a></p>
<h2 id="m40">techproed.tests.dataprovider.Day25_DataProviderTest4:personelVerileriTest</h2>
<table cellspacing="0" cellpadding="0" class="result">
<tr class="param"><th>Parameter #1</th><th>Parameter #2</th></tr>
<tr class="param stripe"><td>rukiye1</td>
<td>abc1</td>
</tr>
</table>
<p class="totop"><a href="#summary">back to summary</a></p>
<h2 id="m41">techproed.tests.dataprovider.Day24_DataProviderTest3:dataProviderLoginTest</h2>
<table cellspacing="0" cellpadding="0" class="result">
<tr class="param"><th>Parameter #1</th><th>Parameter #2</th></tr>
<tr class="param stripe"><td>raj.khan@bluerentalcars.com</td>
<td>v7Hg_va^</td>
</tr>
</table>
<p class="totop"><a href="#summary">back to summary</a></p>
</body></html>
